\BOOKMARK [0][-]{chapter*.6}{\376\377\000I\000n\000t\000r\000o\000d\000u\000c\000t\000i\000o\000n\000\040\000g\000\351\000n\000\351\000r\000a\000l\000e}{}% 1
\BOOKMARK [0][-]{chapter.1}{\376\377\000\311\000t\000a\000t\000\040\000d\000e\000\040\000l\000'\000a\000r\000t}{}% 2
\BOOKMARK [1][-]{section.1.1}{\376\377\000C\000a\000d\000r\000e\000\040\000g\000\351\000n\000\351\000r\000a\000l\000\040\000d\000u\000\040\000p\000r\000o\000j\000e\000t}{chapter.1}% 3
\BOOKMARK [2][-]{subsection.1.1.1}{\376\377\000P\000r\000\351\000s\000e\000n\000t\000a\000t\000i\000o\000n\000\040\000d\000e\000\040\000l\000'\000o\000r\000g\000a\000n\000i\000s\000m\000e\000\040\000d\000'\000a\000c\000c\000u\000e\000i\000l}{section.1.1}% 4
\BOOKMARK [3][-]{subsubsection.1.1.1.1}{\376\377\000P\000r\000\351\000s\000e\000n\000t\000a\000t\000i\000o\000n\000\040\000g\000\351\000n\000\351\000r\000a\000l\000e}{subsection.1.1.1}% 5
\BOOKMARK [3][-]{subsubsection.1.1.1.2}{\376\377\000S\000e\000c\000t\000e\000u\000r\000s\000\040\000d\040\031\000a\000c\000t\000i\000v\000i\000t\000\351}{subsection.1.1.1}% 6
\BOOKMARK [2][-]{subsection.1.1.2}{\376\377\000C\000o\000n\000t\000e\000x\000t\000e\000\040\000d\000u\000\040\000p\000r\000o\000j\000e\000t}{section.1.1}% 7
\BOOKMARK [3][-]{subsubsection.1.1.2.1}{\376\377\000P\000r\000\351\000s\000e\000n\000t\000a\000t\000i\000o\000n\000\040\000d\000e\000\040\000l\000'\000o\000u\000t\000i\000l\000\040\000B\000Y\000B\000L\000O\000S}{subsection.1.1.2}% 8
\BOOKMARK [1][-]{section.1.2}{\376\377\000P\000r\000o\000b\000l\000\351\000m\000a\000t\000i\000q\000u\000e}{chapter.1}% 9
\BOOKMARK [1][-]{section.1.3}{\376\377\000S\000o\000l\000u\000t\000i\000o\000n\000\040\000p\000r\000o\000p\000o\000s\000\351\000e\000:\000\040\000M\000i\000g\000r\000a\000t\000i\000o\000n\000\040\000v\000e\000r\000s\000\040\000u\000n\000e\000\040\000a\000r\000c\000h\000i\000t\000e\000c\000t\000u\000r\000e\000\040\000m\000i\000c\000r\000o\000s\000e\000r\000v\000i\000c\000e\000s}{chapter.1}% 10
\BOOKMARK [1][-]{section.1.4}{\376\377\000A\000r\000c\000h\000i\000t\000e\000c\000t\000u\000r\000e\000\040\000m\000i\000c\000r\000o\000s\000e\000r\000v\000i\000c\000e\000s}{chapter.1}% 11
\BOOKMARK [2][-]{subsection.1.4.1}{\376\377\000C\000a\000r\000a\000c\000t\000\351\000r\000i\000s\000t\000i\000q\000u\000e\000s\000\040\000d\000'\000u\000n\000\040\000m\000i\000c\000r\000o\000s\000e\000r\000v\000i\000c\000e}{section.1.4}% 12
\BOOKMARK [2][-]{subsection.1.4.2}{\376\377\000A\000r\000c\000h\000i\000t\000e\000c\000t\000u\000r\000e\000\040\000m\000o\000n\000o\000l\000i\000t\000h\000i\000q\000u\000e\000\040\000V\000s\000\040\000m\000i\000c\000r\000o\000s\000e\000r\000v\000i\000c\000e\000s}{section.1.4}% 13
\BOOKMARK [1][-]{section.1.5}{\376\377\000M\000\351\000t\000h\000o\000d\000o\000l\000o\000g\000i\000e\000\040\000d\000e\000\040\000d\000\351\000v\000e\000l\000o\000p\000p\000e\000m\000e\000n\000t\000\040\000a\000d\000o\000p\000t\000\351\000e\000:\000\040\000S\000c\000r\000u\000m}{chapter.1}% 14
\BOOKMARK [2][-]{subsection.1.5.1}{\376\377\000P\000r\000\351\000s\000e\000n\000t\000a\000t\000i\000o\000n\000\040\000d\000e\000\040\000l\000a\000\040\000m\000\351\000t\000h\000o\000d\000e\000\040\000S\000C\000R\000U\000M}{section.1.5}% 15
\BOOKMARK [2][-]{subsection.1.5.2}{\376\377\000L\000e\000s\000\040\000r\000\364\000l\000e\000s\000\040\000d\000a\000n\000s\000\040\000S\000C\000R\000U\000M}{section.1.5}% 16
\BOOKMARK [2][-]{subsection.1.5.3}{\376\377\000C\000y\000c\000l\000e\000\040\000d\000e\000\040\000v\000i\000e\000\040\000d\000e\000\040\000S\000c\000r\000u\000m}{section.1.5}% 17
\BOOKMARK [0][-]{chapter.2}{\376\377\000A\000n\000a\000l\000y\000s\000e\000\040\000e\000t\000\040\000s\000p\000\351\000c\000i\000f\000i\000c\000a\000t\000i\000o\000n\000\040\000d\000e\000s\000\040\000b\000e\000s\000o\000i\000n\000s}{}% 18
\BOOKMARK [1][-]{section.2.1}{\376\377\000I\000d\000e\000n\000t\000i\000f\000i\000c\000a\000t\000i\000o\000n\000\040\000d\000e\000s\000\040\000a\000c\000t\000e\000u\000r\000s}{chapter.2}% 19
\BOOKMARK [1][-]{section.2.2}{\376\377\000I\000d\000e\000n\000t\000i\000f\000i\000c\000a\000t\000i\000o\000n\000\040\000d\000e\000s\000\040\000b\000e\000s\000o\000i\000n\000s}{chapter.2}% 20
\BOOKMARK [2][-]{subsection.2.2.1}{\376\377\000L\000e\000s\000\040\000b\000e\000s\000o\000i\000n\000s\000\040\000f\000o\000n\000c\000t\000i\000o\000n\000n\000e\000l\000s}{section.2.2}% 21
\BOOKMARK [2][-]{subsection.2.2.2}{\376\377\000L\000e\000s\000\040\000b\000e\000s\000o\000i\000n\000s\000\040\000n\000o\000n\000\040\000f\000o\000n\000c\000t\000i\000o\000n\000n\000e\000l\000s}{section.2.2}% 22
\BOOKMARK [1][-]{section.2.3}{\376\377\000D\000i\000a\000g\000r\000a\000m\000m\000e\000\040\000d\000e\000\040\000c\000a\000s\000\040\000d\000'\000u\000t\000i\000l\000i\000s\000a\000t\000i\000o\000n\000\040\000g\000l\000o\000b\000a\000l}{chapter.2}% 23
\BOOKMARK [1][-]{section.2.4}{\376\377\000D\000i\000a\000g\000r\000a\000m\000m\000e\000s\000\040\000d\000e\000s\000\040\000c\000a\000s\000\040\000d\000'\000u\000t\000i\000l\000i\000s\000a\000t\000i\000o\000n\000\040\000d\000\351\000t\000a\000i\000l\000l\000\351\000s}{chapter.2}% 24
\BOOKMARK [2][-]{subsection.2.4.1}{\376\377\000R\000a\000f\000f\000i\000n\000e\000m\000e\000n\000t\000\040\000d\000e\000s\000\040\000c\000a\000s\000\040\000d\000'\000u\000t\000i\000l\000i\000s\000a\000t\000i\000o\000n\000\040\000p\000o\000u\000r\000\040\000l\000e\000\040\000b\000a\000c\000k\000-\000o\000f\000f\000i\000c\000e}{section.2.4}% 25
\BOOKMARK [3][-]{subsubsection.2.4.1.1}{\376\377\000C\000a\000s\000\040\000d\000'\000u\000t\000i\000l\000i\000s\000a\000t\000i\000o\000n\000\040\000"\000G\000\351\000r\000e\000r\000\040\000u\000n\000e\000\040\000f\000i\000c\000h\000e\000\040\000c\000a\000n\000d\000i\000d\000a\000t\000"}{subsection.2.4.1}% 26
\BOOKMARK [3][-]{subsubsection.2.4.1.2}{\376\377\000C\000a\000s\000\040\000d\000'\000u\000t\000i\000l\000i\000s\000a\000t\000i\000o\000n\000\040\000"\000G\000\351\000r\000e\000r\000\040\000u\000n\000\040\000e\000n\000t\000r\000e\000t\000i\000e\000n\000"}{subsection.2.4.1}% 27
\BOOKMARK [2][-]{subsection.2.4.2}{\376\377\000R\000a\000f\000f\000i\000n\000e\000m\000e\000n\000t\000\040\000d\000e\000s\000\040\000c\000a\000s\000\040\000d\000'\000u\000t\000i\000l\000i\000s\000a\000t\000i\000o\000n\000\040\000p\000o\000u\000r\000\040\000l\000e\000\040\000r\000e\000c\000r\000u\000t\000e\000u\000r}{section.2.4}% 28
\BOOKMARK [3][-]{subsubsection.2.4.2.1}{\376\377\000C\000a\000s\000\040\000d\000'\000u\000t\000i\000l\000i\000s\000a\000t\000i\000o\000n\000\040\000"\000V\000a\000l\000i\000d\000e\000r\000\040\000u\000n\000\040\000e\000n\000t\000r\000e\000t\000i\000e\000n\000"}{subsection.2.4.2}% 29
\BOOKMARK [3][-]{subsubsection.2.4.2.2}{\376\377\000C\000a\000s\000\040\000d\000'\000u\000t\000i\000l\000i\000s\000a\000t\000i\000o\000n\000\040\000"\000R\000e\000c\000h\000e\000r\000c\000h\000e\000r\000\040\000u\000n\000\040\000c\000a\000n\000d\000i\000d\000a\000t\000"}{subsection.2.4.2}% 30
\BOOKMARK [0][-]{chapter.3}{\376\377\000C\000o\000n\000c\000e\000p\000t\000i\000o\000n}{}% 31
\BOOKMARK [1][-]{section.3.1}{\376\377\000C\000o\000n\000c\000e\000p\000t\000i\000o\000n\000\040\000g\000\351\000n\000\351\000r\000a\000l\000e}{chapter.3}% 32
\BOOKMARK [2][-]{subsection.3.1.1}{\376\377\000D\000i\000a\000g\000r\000a\000m\000m\000e\000\040\000d\000e\000\040\000d\000\351\000p\000l\000o\000i\000e\000m\000e\000n\000t\000\040\000d\000e\000\040\000l\000'\000a\000p\000p\000l\000i\000c\000a\000t\000i\000o\000n}{section.3.1}% 33
\BOOKMARK [2][-]{subsection.3.1.2}{\376\377\000A\000r\000c\000h\000i\000t\000e\000c\000t\000u\000r\000e\000\040\000l\000o\000g\000i\000q\000u\000e\000\040\000d\000e\000\040\000l\000'\000a\000p\000p\000l\000i\000c\000a\000t\000i\000o\000n}{section.3.1}% 34
\BOOKMARK [2][-]{subsection.3.1.3}{\376\377\000D\000i\000a\000g\000r\000a\000m\000m\000e\000\040\000d\000e\000\040\000p\000a\000q\000u\000e\000t\000a\000g\000e}{section.3.1}% 35
\BOOKMARK [1][-]{section.3.2}{\376\377\000C\000o\000n\000c\000e\000p\000t\000i\000o\000n\000\040\000d\000\351\000t\000a\000i\000l\000l\000\351\000e}{chapter.3}% 36
\BOOKMARK [2][-]{subsection.3.2.1}{\376\377\000D\000i\000a\000g\000r\000a\000m\000m\000e\000\040\000d\000e\000\040\000c\000l\000a\000s\000s\000e\000s}{section.3.2}% 37
\BOOKMARK [2][-]{subsection.3.2.2}{\376\377\000D\000i\000a\000g\000r\000a\000m\000m\000e\000s\000\040\000d\000e\000\040\000s\000\351\000q\000u\000e\000n\000c\000e\000s}{section.3.2}% 38
\BOOKMARK [3][-]{subsubsection.3.2.2.1}{\376\377\000A\000j\000o\000u\000t\000e\000r\000\040\000u\000n\000e\000\040\000f\000i\000c\000h\000e\000\040\000c\000a\000n\000d\000i\000d\000a\000t}{subsection.3.2.2}% 39
\BOOKMARK [3][-]{subsubsection.3.2.2.2}{\376\377\000R\000e\000c\000h\000e\000r\000c\000h\000e\000r\000\040\000u\000n\000\040\000c\000a\000n\000d\000i\000d\000a\000t}{subsection.3.2.2}% 40
\BOOKMARK [3][-]{subsubsection.3.2.2.3}{\376\377\000P\000l\000a\000n\000i\000f\000i\000e\000r\000\040\000u\000n\000\040\000e\000n\000t\000r\000e\000t\000i\000e\000n}{subsection.3.2.2}% 41
\BOOKMARK [3][-]{subsubsection.3.2.2.4}{\376\377\000A\000c\000c\000e\000p\000t\000e\000r\000\040\000u\000n\000\040\000e\000n\000t\000r\000e\000t\000i\000e\000n}{subsection.3.2.2}% 42
\BOOKMARK [3][-]{subsubsection.3.2.2.5}{\376\377\000R\000e\000j\000e\000t\000e\000r\000\040\000u\000n\000\040\000e\000n\000t\000r\000e\000t\000i\000e\000n}{subsection.3.2.2}% 43
\BOOKMARK [3][-]{subsubsection.3.2.2.6}{\376\377\000M\000o\000d\000i\000f\000i\000e\000r\000\040\000u\000n\000e\000\040\000f\000i\000c\000h\000e\000\040\000c\000a\000n\000d\000i\000d\000a\000t}{subsection.3.2.2}% 44
\BOOKMARK [0][-]{chapter.4}{\376\377\000R\000\351\000a\000l\000i\000s\000a\000t\000i\000o\000n}{}% 45
\BOOKMARK [1][-]{section.4.1}{\376\377\000E\000n\000v\000i\000r\000o\000n\000n\000e\000m\000e\000n\000t\000\040\000d\000e\000\040\000t\000r\000a\000v\000a\000i\000l}{chapter.4}% 46
\BOOKMARK [2][-]{subsection.4.1.1}{\376\377\000E\000n\000v\000i\000r\000o\000n\000n\000e\000m\000e\000n\000t\000\040\000m\000a\000t\000\351\000r\000i\000e\000l}{section.4.1}% 47
\BOOKMARK [2][-]{subsection.4.1.2}{\376\377\000E\000n\000v\000i\000r\000o\000n\000n\000e\000m\000e\000n\000t\000\040\000l\000o\000g\000i\000c\000i\000e\000l}{section.4.1}% 48
\BOOKMARK [2][-]{subsection.4.1.3}{\376\377\000T\000e\000c\000h\000n\000o\000l\000o\000g\000i\000e\000s\000\040\000u\000t\000i\000l\000i\000s\000\351\000e\000s}{section.4.1}% 49
\BOOKMARK [1][-]{section.4.2}{\376\377\000L\000e\000s\000\040\000i\000n\000t\000e\000r\000f\000a\000c\000e\000s\000\040\000u\000t\000i\000l\000i\000s\000a\000t\000e\000u\000r}{chapter.4}% 50
\BOOKMARK [2][-]{subsection.4.2.1}{\376\377\000I\000n\000t\000e\000r\000f\000a\000c\000e\000\040\000d\000'\000a\000u\000t\000h\000e\000n\000t\000i\000f\000i\000c\000a\000t\000i\000o\000n}{section.4.2}% 51
\BOOKMARK [2][-]{subsection.4.2.2}{\376\377\000I\000n\000t\000e\000r\000f\000a\000c\000e\000\040\000d\000'\000a\000c\000c\000u\000e\000i\000l}{section.4.2}% 52
\BOOKMARK [2][-]{subsection.4.2.3}{\376\377\000I\000n\000t\000e\000r\000f\000a\000c\000e\000\040\000d\000'\000a\000j\000o\000u\000t\000\040\000d\000'\000u\000n\000e\000\040\000f\000i\000c\000h\000e\000\040\000c\000a\000n\000d\000i\000d\000a\000t}{section.4.2}% 53
\BOOKMARK [2][-]{subsection.4.2.4}{\376\377\000I\000n\000t\000e\000r\000f\000a\000c\000e\000\040\000d\000e\000\040\000l\000a\000\040\000r\000e\000c\000h\000e\000r\000c\000h\000e\000\040\000d\000'\000u\000n\000\040\000c\000a\000n\000d\000i\000d\000a\000t}{section.4.2}% 54
\BOOKMARK [2][-]{subsection.4.2.5}{\376\377\000I\000n\000t\000e\000r\000f\000a\000c\000e\000\040\000d\000u\000\040\000r\000\351\000s\000u\000l\000t\000a\000t\000\040\000d\000e\000\040\000l\000a\000\040\000r\000e\000c\000h\000e\000r\000c\000h\000e}{section.4.2}% 55
\BOOKMARK [2][-]{subsection.4.2.6}{\376\377\000I\000n\000t\000e\000r\000f\000a\000c\000e\000\040\000d\000u\000\040\000f\000i\000c\000h\000i\000e\000r\000\040\000e\000x\000c\000e\000l\000\040\000c\000o\000n\000t\000e\000n\000a\000n\000t\000\040\000l\000e\000\040\000r\000\351\000s\000u\000l\000t\000a\000t\000\040\000d\000e\000\040\000l\000a\000\040\000r\000e\000c\000h\000e\000r\000c\000h\000e}{section.4.2}% 56
\BOOKMARK [2][-]{subsection.4.2.7}{\376\377\000I\000n\000t\000e\000r\000f\000a\000c\000e\000\040\000d\000e\000\040\000l\000a\000\040\000p\000l\000a\000n\000i\000f\000i\000c\000a\000t\000i\000o\000n\000\040\000d\000'\000u\000n\000\040\000e\000n\000t\000r\000e\000t\000i\000e\000n}{section.4.2}% 57
\BOOKMARK [2][-]{subsection.4.2.8}{\376\377\000I\000n\000t\000e\000r\000f\000a\000c\000e\000\040\000c\000o\000n\000t\000e\000n\000a\000n\000t\000\040\000l\000'\000e\000-\000m\000a\000i\000l\000\040\000d\000e\000\040\000v\000a\000l\000i\000d\000a\000t\000i\000o\000n\000\040\000d\000e\000\040\000l\000'\000e\000n\000t\000r\000e\000t\000i\000e\000n}{section.4.2}% 58
\BOOKMARK [2][-]{subsection.4.2.9}{\376\377\000I\000n\000t\000e\000r\000f\000a\000c\000e\000\040\000c\000o\000n\000t\000e\000n\000a\000n\000t\000\040\000l\000'\000e\000-\000m\000a\000i\000l\000\040\000d\000u\000\040\000r\000e\000j\000e\000t\000\040\000d\000e\000\040\000l\000'\000e\000n\000t\000r\000e\000t\000i\000e\000n\000\040}{section.4.2}% 59
\BOOKMARK [2][-]{subsection.4.2.10}{\376\377\000I\000n\000t\000e\000r\000f\000a\000c\000e\000\040\000c\000o\000n\000t\000e\000n\000a\000n\000t\000\040\000l\000e\000s\000\040\000d\000i\000f\000f\000\351\000r\000e\000n\000t\000s\000\040\000s\000t\000a\000t\000u\000t\000s\000\040\000d\000e\000s\000\040\000e\000n\000t\000r\000e\000t\000i\000e\000n\000s}{section.4.2}% 60
\BOOKMARK [2][-]{subsection.4.2.11}{\376\377\000I\000n\000t\000e\000r\000f\000a\000c\000e\000\040\000d\000e\000\040\000l\000a\000\040\000c\000o\000n\000s\000u\000l\000t\000a\000t\000i\000o\000n\000\040\000d\000u\000\040\000W\000o\000r\000k\000f\000l\000o\000w\000\040\000d\000'\000u\000n\000\040\000e\000n\000t\000r\000e\000t\000i\000e\000n\000\040\000e\000n\000\040\000a\000t\000t\000e\000n\000t\000e}{section.4.2}% 61
\BOOKMARK [2][-]{subsection.4.2.12}{\376\377\000I\000n\000t\000e\000r\000f\000a\000c\000e\000\040\000d\000e\000\040\000l\000a\000\040\000c\000o\000n\000s\000u\000l\000t\000a\000t\000i\000o\000n\000\040\000d\000u\000\040\000W\000o\000r\000k\000f\000l\000o\000w\000\040\000d\000'\000u\000n\000\040\000e\000n\000t\000r\000e\000t\000i\000e\000n\000\040\000a\000c\000c\000e\000p\000t\000\351}{section.4.2}% 62
\BOOKMARK [2][-]{subsection.4.2.13}{\376\377\000I\000n\000t\000e\000r\000f\000a\000c\000e\000\040\000d\000e\000\040\000l\000a\000\040\000c\000o\000n\000s\000u\000l\000t\000a\000t\000i\000o\000n\000\040\000d\000u\000\040\000W\000o\000r\000k\000f\000l\000o\000w\000\040\000d\000'\000u\000n\000\040\000e\000n\000t\000r\000e\000t\000i\000e\000n\000\040\000r\000e\000j\000e\000t\000\351}{section.4.2}% 63
\BOOKMARK [0][-]{chapter*.48}{\376\377\000C\000o\000n\000c\000l\000u\000s\000i\000o\000n\000\040\000g\000\351\000n\000\351\000r\000a\000l\000e}{}% 64
\BOOKMARK [0][-]{chapter*.49}{\376\377\000N\000\351\000t\000o\000g\000r\000a\000p\000h\000i\000e}{}% 65
